Time resolution is 1 ps
Addr:   0 | Data: xxxxxxxx
Addr:   1 | Data: afdb000a
Addr:   2 | Data: 0aee0000
Addr:   3 | Data: bcca000c
Addr:   4 | Data: aead000a
Addr:   5 | Data: d0f0000f
Addr:   6 | Data: 0a0a000e
Addr:   7 | Data: c0c00000
Addr:   8 | Data: afaf000f
Addr:   9 | Data: faba000e
Addr:  10 | Data: ed0c000d
Addr:  11 | Data: 0efe0000
Addr:  12 | Data: fde0000a
Addr:  13 | Data: e0df0000
Addr:  14 | Data: db0a000c
Addr:  15 | Data: 0ead000a
Addr:  16 | Data: ad0e000b
Addr:  17 | Data: 00f00000
Addr:  18 | Data: c0aa000b
Addr:  19 | Data: a0b0000e
Addr:  20 | Data: b00f000e
Addr:  21 | Data: 00aa000f
Addr:  22 | Data: 00cd0000
Addr:  23 | Data: 00e00000
Addr:  24 | Data: 00000000
Addr:  25 | Data: 00000000
Addr:  26 | Data: 00000000
Addr:  27 | Data: 00000000
Addr:  28 | Data: 00000000
Addr:  29 | Data: 00000000
Addr:  30 | Data: 00000000
Addr:  31 | Data: 00000000
Addr:  32 | Data: 00000000
Addr:  33 | Data: 00000000
Addr:  34 | Data: 00000000
Addr:  35 | Data: 00000000
Addr:  36 | Data: 00000000
Addr:  37 | Data: 00000000
Addr:  38 | Data: 00000000
Addr:  39 | Data: 00000000
Addr:  40 | Data: 00000000
Addr:  41 | Data: 00000000
Addr:  42 | Data: 00000000
Addr:  43 | Data: 00000000
Addr:  44 | Data: 00000000
Addr:  45 | Data: 00000000
Addr:  46 | Data: 00000000
Addr:  47 | Data: 00000000
Addr:  48 | Data: 00000000
Addr:  49 | Data: 00000000
Addr:  50 | Data: 00000000
Addr:  51 | Data: 00000000
Addr:  52 | Data: 00000000
Addr:  53 | Data: 00000000
Addr:  54 | Data: 00000000
Addr:  55 | Data: 00000000
Addr:  56 | Data: 00000000
Addr:  57 | Data: 00000000
Addr:  58 | Data: 00000000
Addr:  59 | Data: 00000000
Addr:  60 | Data: 00000000
Addr:  61 | Data: 00000000
Addr:  62 | Data: 00000000
Addr:  63 | Data: 00000000
Addr:  64 | Data: 00000000
Addr:  65 | Data: 00000000
Addr:  66 | Data: 00000000
Addr:  67 | Data: 00000000
Addr:  68 | Data: 00000000
Addr:  69 | Data: 00000000
Addr:  70 | Data: 00000000
Addr:  71 | Data: 00000000
Addr:  72 | Data: 00000000
Addr:  73 | Data: 00000000
Addr:  74 | Data: 00000000
Addr:  75 | Data: 00000000
Addr:  76 | Data: 00000000
Addr:  77 | Data: 00000000
Addr:  78 | Data: 00000000
Addr:  79 | Data: 00000000
Addr:  80 | Data: 00000000
Addr:  81 | Data: 00000000
Addr:  82 | Data: 00000000
Addr:  83 | Data: 00000000
Addr:  84 | Data: 00000000
Addr:  85 | Data: 00000000
Addr:  86 | Data: 00000000
Addr:  87 | Data: 00000000
Addr:  88 | Data: 00000000
Addr:  89 | Data: 00000000
Addr:  90 | Data: 00000000
Addr:  91 | Data: 00000000
Addr:  92 | Data: 00000000
Addr:  93 | Data: 00000000
Addr:  94 | Data: 00000000
Addr:  95 | Data: 00000000
Addr:  96 | Data: 00000000
Addr:  97 | Data: 00000000
Addr:  98 | Data: 00000000
Addr:  99 | Data: 00000000
Addr: 100 | Data: 00000000
Addr: 101 | Data: 00000000
Addr: 102 | Data: 00000000
Addr: 103 | Data: 00000000
Addr: 104 | Data: 00000000
Addr: 105 | Data: 00000000
Addr: 106 | Data: 00000000
Addr: 107 | Data: 00000000
Addr: 108 | Data: 00000000
Addr: 109 | Data: 00000000
Addr: 110 | Data: 00000000
Addr: 111 | Data: 00000000
Addr: 112 | Data: 00000000
Addr: 113 | Data: 00000000
Addr: 114 | Data: 00000000
Addr: 115 | Data: 00000000
Addr: 116 | Data: 00000000
Addr: 117 | Data: 00000000
Addr: 118 | Data: 00000000
Addr: 119 | Data: 00000000
Addr: 120 | Data: 00000000
Addr: 121 | Data: 00000000
Addr: 122 | Data: 00000000
Addr: 123 | Data: 00000000
Addr: 124 | Data: 00000000
Addr: 125 | Data: 00000000
Addr: 126 | Data: 00000000
Addr: 127 | Data: 00000000
Addr: 128 | Data: 00000000
Addr: 129 | Data: 00000000
Addr: 130 | Data: 00000000
Addr: 131 | Data: 00000000
Addr: 132 | Data: 00000000
Addr: 133 | Data: 00000000
Addr: 134 | Data: 00000000
Addr: 135 | Data: 00000000
Addr: 136 | Data: 00000000
Addr: 137 | Data: 00000000
Addr: 138 | Data: 00000000
Addr: 139 | Data: 00000000
Addr: 140 | Data: 00000000
Addr: 141 | Data: 00000000
Addr: 142 | Data: 00000000
Addr: 143 | Data: 00000000
Addr: 144 | Data: 00000000
Addr: 145 | Data: 00000000
Addr: 146 | Data: 00000000
Addr: 147 | Data: 00000000
Addr: 148 | Data: 00000000
Addr: 149 | Data: 00000000
Addr: 150 | Data: 00000000
Addr: 151 | Data: 00000000
Addr: 152 | Data: 00000000
Addr: 153 | Data: 00000000
Addr: 154 | Data: 00000000
Addr: 155 | Data: 00000000
Addr: 156 | Data: 00000000
Addr: 157 | Data: 00000000
Addr: 158 | Data: 00000000
Addr: 159 | Data: 00000000
Addr: 160 | Data: 00000000
Addr: 161 | Data: 00000000
Addr: 162 | Data: 00000000
Addr: 163 | Data: 00000000
Addr: 164 | Data: 00000000
Addr: 165 | Data: 00000000
Addr: 166 | Data: 00000000
Addr: 167 | Data: 00000000
Addr: 168 | Data: 00000000
Addr: 169 | Data: 00000000
Addr: 170 | Data: 00000000
Addr: 171 | Data: 00000000
Addr: 172 | Data: 00000000
Addr: 173 | Data: 00000000
Addr: 174 | Data: 00000000
Addr: 175 | Data: 00000000
Addr: 176 | Data: 00000000
Addr: 177 | Data: 00000000
Addr: 178 | Data: 00000000
Addr: 179 | Data: 00000000
Addr: 180 | Data: 00000000
Addr: 181 | Data: 00000000
Addr: 182 | Data: 00000000
Addr: 183 | Data: 00000000
Addr: 184 | Data: 00000000
Addr: 185 | Data: 00000000
Addr: 186 | Data: 00000000
Addr: 187 | Data: 00000000
Addr: 188 | Data: 00000000
Addr: 189 | Data: 00000000
Addr: 190 | Data: 00000000
Addr: 191 | Data: 00000000
Addr: 192 | Data: 00000000
Addr: 193 | Data: 00000000
Addr: 194 | Data: 00000000
Addr: 195 | Data: 00000000
Addr: 196 | Data: 00000000
Addr: 197 | Data: 00000000
Addr: 198 | Data: 00000000
Addr: 199 | Data: 00000000
Addr: 200 | Data: 00000000
Addr: 201 | Data: 00000000
Addr: 202 | Data: 00000000
Addr: 203 | Data: 00000000
Addr: 204 | Data: 00000000
Addr: 205 | Data: 00000000
Addr: 206 | Data: 00000000
Addr: 207 | Data: 00000000
Addr: 208 | Data: 00000000
Addr: 209 | Data: 00000000
Addr: 210 | Data: 00000000
Addr: 211 | Data: 00000000
Addr: 212 | Data: 00000000
Addr: 213 | Data: 00000000
Addr: 214 | Data: 00000000
Addr: 215 | Data: 00000000
Addr: 216 | Data: 00000000
Addr: 217 | Data: 00000000
Addr: 218 | Data: 00000000
Addr: 219 | Data: 00000000
Addr: 220 | Data: 00000000
Addr: 221 | Data: 00000000
Addr: 222 | Data: 00000000
Addr: 223 | Data: 00000000
Addr: 224 | Data: 00000000
Addr: 225 | Data: 00000000
Addr: 226 | Data: 00000000
Addr: 227 | Data: 00000000
Addr: 228 | Data: 00000000
Addr: 229 | Data: 00000000
Addr: 230 | Data: 00000000
Addr: 231 | Data: 00000000
Addr: 232 | Data: 00000000
Addr: 233 | Data: 00000000
Addr: 234 | Data: 00000000
Addr: 235 | Data: 00000000
Addr: 236 | Data: 00000000
Addr: 237 | Data: 00000000
Addr: 238 | Data: 00000000
Addr: 239 | Data: 00000000
Addr: 240 | Data: 00000000
Addr: 241 | Data: 00000000
Addr: 242 | Data: 00000000
Addr: 243 | Data: 00000000
Addr: 244 | Data: 00000000
Addr: 245 | Data: 00000000
Addr: 246 | Data: 00000000
Addr: 247 | Data: 00000000
Addr: 248 | Data: 00000000
Addr: 249 | Data: 00000000
Addr: 250 | Data: 00000000
Addr: 251 | Data: 00000000
Addr: 252 | Data: 00000000
Addr: 253 | Data: 00000000
Addr: 254 | Data: 00000000
Addr: 255 | Data: 00000000
Addr: 256 | Data: 00000000
Addr: 257 | Data: xxxxxxxx
Addr: 258 | Data: xxxxxxxx
Addr: 259 | Data: xxxxxxxx
Addr: 260 | Data: xxxxxxxx
Addr: 261 | Data: xxxxxxxx
Addr: 262 | Data: xxxxxxxx
Addr: 263 | Data: xxxxxxxx
Addr: 264 | Data: xxxxxxxx
Addr: 265 | Data: xxxxxxxx
Addr: 266 | Data: xxxxxxxx
Addr: 267 | Data: xxxxxxxx
Addr: 268 | Data: xxxxxxxx
Addr: 269 | Data: xxxxxxxx
Addr: 270 | Data: xxxxxxxx
Addr: 271 | Data: xxxxxxxx
Addr: 272 | Data: xxxxxxxx
Addr: 273 | Data: xxxxxxxx
Addr: 274 | Data: xxxxxxxx
Addr: 275 | Data: xxxxxxxx
Addr: 276 | Data: xxxxxxxx
Addr: 277 | Data: xxxxxxxx
Addr: 278 | Data: xxxxxxxx
Addr: 279 | Data: xxxxxxxx
Addr: 280 | Data: xxxxxxxx
Addr: 281 | Data: xxxxxxxx
Addr: 282 | Data: xxxxxxxx
Addr: 283 | Data: xxxxxxxx
Addr: 284 | Data: xxxxxxxx
Addr: 285 | Data: xxxxxxxx
Addr: 286 | Data: xxxxxxxx
Addr: 287 | Data: xxxxxxxx
Addr: 288 | Data: xxxxxxxx
Addr: 289 | Data: xxxxxxxx
Addr: 290 | Data: xxxxxxxx
Addr: 291 | Data: xxxxxxxx
Addr: 292 | Data: xxxxxxxx
Addr: 293 | Data: xxxxxxxx
Addr: 294 | Data: xxxxxxxx
Addr: 295 | Data: xxxxxxxx
Addr: 296 | Data: xxxxxxxx
Addr: 297 | Data: xxxxxxxx
Addr: 298 | Data: xxxxxxxx
Addr: 299 | Data: xxxxxxxx
Addr: 300 | Data: xxxxxxxx
Addr: 301 | Data: xxxxxxxx
Addr: 302 | Data: xxxxxxxx
Addr: 303 | Data: xxxxxxxx
Addr: 304 | Data: xxxxxxxx
Addr: 305 | Data: xxxxxxxx
Addr: 306 | Data: xxxxxxxx
Addr: 307 | Data: xxxxxxxx
Addr: 308 | Data: xxxxxxxx
Addr: 309 | Data: xxxxxxxx
Addr: 310 | Data: xxxxxxxx
Addr: 311 | Data: xxxxxxxx
Addr: 312 | Data: xxxxxxxx
Addr: 313 | Data: xxxxxxxx
Addr: 314 | Data: xxxxxxxx
Addr: 315 | Data: xxxxxxxx
Addr: 316 | Data: xxxxxxxx
Addr: 317 | Data: xxxxxxxx
Addr: 318 | Data: xxxxxxxx
Addr: 319 | Data: xxxxxxxx
Addr: 320 | Data: xxxxxxxx
Addr: 321 | Data: xxxxxxxx
Addr: 322 | Data: xxxxxxxx
Addr: 323 | Data: xxxxxxxx
Addr: 324 | Data: xxxxxxxx
Addr: 325 | Data: xxxxxxxx
Addr: 326 | Data: xxxxxxxx
Addr: 327 | Data: xxxxxxxx
Addr: 328 | Data: xxxxxxxx
Addr: 329 | Data: xxxxxxxx
Addr: 330 | Data: xxxxxxxx
Addr: 331 | Data: xxxxxxxx
Addr: 332 | Data: xxxxxxxx
Addr: 333 | Data: xxxxxxxx
Addr: 334 | Data: xxxxxxxx
Addr: 335 | Data: xxxxxxxx
Addr: 336 | Data: xxxxxxxx
Addr: 337 | Data: xxxxxxxx
Addr: 338 | Data: xxxxxxxx
Addr: 339 | Data: xxxxxxxx
Addr: 340 | Data: xxxxxxxx
Addr: 341 | Data: xxxxxxxx
Addr: 342 | Data: xxxxxxxx
Addr: 343 | Data: xxxxxxxx
Addr: 344 | Data: xxxxxxxx
Addr: 345 | Data: xxxxxxxx
Addr: 346 | Data: xxxxxxxx
Addr: 347 | Data: xxxxxxxx
Addr: 348 | Data: xxxxxxxx
Addr: 349 | Data: xxxxxxxx
Addr: 350 | Data: xxxxxxxx
Addr: 351 | Data: xxxxxxxx
Addr: 352 | Data: xxxxxxxx
Addr: 353 | Data: xxxxxxxx
Addr: 354 | Data: xxxxxxxx
Addr: 355 | Data: xxxxxxxx
Addr: 356 | Data: xxxxxxxx
Addr: 357 | Data: xxxxxxxx
Addr: 358 | Data: xxxxxxxx
Addr: 359 | Data: xxxxxxxx
Addr: 360 | Data: xxxxxxxx
Addr: 361 | Data: xxxxxxxx
Addr: 362 | Data: xxxxxxxx
Addr: 363 | Data: xxxxxxxx
Addr: 364 | Data: xxxxxxxx
Addr: 365 | Data: xxxxxxxx
Addr: 366 | Data: xxxxxxxx
Addr: 367 | Data: xxxxxxxx
Addr: 368 | Data: xxxxxxxx
Addr: 369 | Data: xxxxxxxx
Addr: 370 | Data: xxxxxxxx
Addr: 371 | Data: xxxxxxxx
Addr: 372 | Data: xxxxxxxx
Addr: 373 | Data: xxxxxxxx
Addr: 374 | Data: xxxxxxxx
Addr: 375 | Data: xxxxxxxx
Addr: 376 | Data: xxxxxxxx
Addr: 377 | Data: xxxxxxxx
Addr: 378 | Data: xxxxxxxx
Addr: 379 | Data: xxxxxxxx
Addr: 380 | Data: xxxxxxxx
Addr: 381 | Data: xxxxxxxx
Addr: 382 | Data: xxxxxxxx
Addr: 383 | Data: xxxxxxxx
Addr: 384 | Data: xxxxxxxx
Addr: 385 | Data: xxxxxxxx
Addr: 386 | Data: xxxxxxxx
Addr: 387 | Data: xxxxxxxx
Addr: 388 | Data: xxxxxxxx
Addr: 389 | Data: xxxxxxxx
Addr: 390 | Data: xxxxxxxx
Addr: 391 | Data: xxxxxxxx
Addr: 392 | Data: xxxxxxxx
Addr: 393 | Data: xxxxxxxx
Addr: 394 | Data: xxxxxxxx
Addr: 395 | Data: xxxxxxxx
Addr: 396 | Data: xxxxxxxx
Addr: 397 | Data: xxxxxxxx
Addr: 398 | Data: xxxxxxxx
Addr: 399 | Data: xxxxxxxx
Addr: 400 | Data: xxxxxxxx
Addr: 401 | Data: xxxxxxxx
Addr: 402 | Data: xxxxxxxx
Addr: 403 | Data: xxxxxxxx
Addr: 404 | Data: xxxxxxxx
Addr: 405 | Data: xxxxxxxx
Addr: 406 | Data: xxxxxxxx
Addr: 407 | Data: xxxxxxxx
Addr: 408 | Data: xxxxxxxx
Addr: 409 | Data: xxxxxxxx
Addr: 410 | Data: xxxxxxxx
Addr: 411 | Data: xxxxxxxx
Addr: 412 | Data: xxxxxxxx
Addr: 413 | Data: xxxxxxxx
Addr: 414 | Data: xxxxxxxx
Addr: 415 | Data: xxxxxxxx
Addr: 416 | Data: xxxxxxxx
Addr: 417 | Data: xxxxxxxx
Addr: 418 | Data: xxxxxxxx
Addr: 419 | Data: xxxxxxxx
Addr: 420 | Data: xxxxxxxx
Addr: 421 | Data: xxxxxxxx
Addr: 422 | Data: xxxxxxxx
Addr: 423 | Data: xxxxxxxx
Addr: 424 | Data: xxxxxxxx
Addr: 425 | Data: xxxxxxxx
Addr: 426 | Data: xxxxxxxx
Addr: 427 | Data: xxxxxxxx
Addr: 428 | Data: xxxxxxxx
Addr: 429 | Data: xxxxxxxx
Addr: 430 | Data: xxxxxxxx
Addr: 431 | Data: xxxxxxxx
Addr: 432 | Data: xxxxxxxx
Addr: 433 | Data: xxxxxxxx
Addr: 434 | Data: xxxxxxxx
Addr: 435 | Data: xxxxxxxx
Addr: 436 | Data: xxxxxxxx
Addr: 437 | Data: xxxxxxxx
Addr: 438 | Data: xxxxxxxx
Addr: 439 | Data: xxxxxxxx
Addr: 440 | Data: xxxxxxxx
Addr: 441 | Data: xxxxxxxx
Addr: 442 | Data: xxxxxxxx
Addr: 443 | Data: xxxxxxxx
Addr: 444 | Data: xxxxxxxx
Addr: 445 | Data: xxxxxxxx
Addr: 446 | Data: xxxxxxxx
Addr: 447 | Data: xxxxxxxx
Addr: 448 | Data: xxxxxxxx
Addr: 449 | Data: xxxxxxxx
Addr: 450 | Data: xxxxxxxx
Addr: 451 | Data: xxxxxxxx
Addr: 452 | Data: xxxxxxxx
Addr: 453 | Data: xxxxxxxx
Addr: 454 | Data: xxxxxxxx
Addr: 455 | Data: xxxxxxxx
Addr: 456 | Data: xxxxxxxx
Addr: 457 | Data: xxxxxxxx
Addr: 458 | Data: xxxxxxxx
Addr: 459 | Data: xxxxxxxx
Addr: 460 | Data: xxxxxxxx
Addr: 461 | Data: xxxxxxxx
Addr: 462 | Data: xxxxxxxx
Addr: 463 | Data: xxxxxxxx
Addr: 464 | Data: xxxxxxxx
Addr: 465 | Data: xxxxxxxx
Addr: 466 | Data: xxxxxxxx
Addr: 467 | Data: xxxxxxxx
Addr: 468 | Data: xxxxxxxx
Addr: 469 | Data: xxxxxxxx
Addr: 470 | Data: xxxxxxxx
Addr: 471 | Data: xxxxxxxx
Addr: 472 | Data: xxxxxxxx
Addr: 473 | Data: xxxxxxxx
Addr: 474 | Data: xxxxxxxx
Addr: 475 | Data: xxxxxxxx
Addr: 476 | Data: xxxxxxxx
Addr: 477 | Data: xxxxxxxx
Addr: 478 | Data: xxxxxxxx
Addr: 479 | Data: xxxxxxxx
Addr: 480 | Data: xxxxxxxx
Addr: 481 | Data: xxxxxxxx
Addr: 482 | Data: xxxxxxxx
Addr: 483 | Data: xxxxxxxx
Addr: 484 | Data: xxxxxxxx
Addr: 485 | Data: xxxxxxxx
Addr: 486 | Data: xxxxxxxx
Addr: 487 | Data: xxxxxxxx
Addr: 488 | Data: xxxxxxxx
Addr: 489 | Data: xxxxxxxx
Addr: 490 | Data: xxxxxxxx
Addr: 491 | Data: xxxxxxxx
Addr: 492 | Data: xxxxxxxx
Addr: 493 | Data: xxxxxxxx
Addr: 494 | Data: xxxxxxxx
Addr: 495 | Data: xxxxxxxx
Addr: 496 | Data: xxxxxxxx
Addr: 497 | Data: xxxxxxxx
Addr: 498 | Data: xxxxxxxx
Addr: 499 | Data: xxxxxxxx
Addr: 500 | Data: xxxxxxxx
Addr: 501 | Data: xxxxxxxx
Addr: 502 | Data: xxxxxxxx
Addr: 503 | Data: xxxxxxxx
Addr: 504 | Data: xxxxxxxx
Addr: 505 | Data: xxxxxxxx
Addr: 506 | Data: xxxxxxxx
Addr: 507 | Data: xxxxxxxx
Addr: 508 | Data: xxxxxxxx
Addr: 509 | Data: xxxxxxxx
Addr: 510 | Data: xxxxxxxx
Addr: 511 | Data: xxxxxxxx
